C51 COMPILER V9.60.0.0   UART                                                              08/11/2020 00:10:48 PAGE 1   


C51 COMPILER V9.60.0.0, COMPILATION OF MODULE UART
OBJECT MODULE PLACED IN .\Objects\Uart.obj
COMPILER INVOKED BY: D:\Keil_v5\C51\BIN\C51.EXE UART\Uart.c OPTIMIZE(8,SPEED) BROWSE INCDIR(.\AHT10;.\Delay;.\UART;.\IIC
                    -) DEBUG OBJECTEXTEND PRINT(.\Listings\Uart.lst) OBJECT(.\Objects\Uart.obj)

line level    source

   1          #include "uart.h"
   2          
   3          bit busy;
   4          char wptr;
   5          char rptr;
   6          char buffer[16];
   7          char time[5];
   8          
   9          void UartIsr() interrupt 4
  10          {
  11   1          if (TI)
  12   1          {
  13   2              TI = 0;
  14   2              busy = 0;
  15   2          }
  16   1          if (RI)
  17   1          {
  18   2              RI = 0;
  19   2              buffer[wptr++] = SBUF;
  20   2              wptr &= 0x0f;
  21   2          }
  22   1      }
  23          
  24          void UartInit()
  25          {
  26   1          SCON = 0x50;
  27   1          TMOD = 0x00;
  28   1          TL1 = BRT;
  29   1          TH1 = BRT >> 8;
  30   1          TR1 = 1;
  31   1          AUXR = 0x40;
  32   1          wptr = 0x00;
  33   1          rptr = 0x00;
  34   1          busy = 0;
  35   1      }
  36          
  37          void UartSend(char dat)
  38          {
  39   1          while (busy);
  40   1          busy = 1;
  41   1          SBUF = dat;
  42   1      }
  43          
  44          void UartSendStr(char *p)
  45          {
  46   1          while (*p)
  47   1          {
  48   2              UartSend(*p++);
  49   2          }
  50   1      }


MODULE INFORMATION:   STATIC OVERLAYABLE
   CODE SIZE        =    114    ----
C51 COMPILER V9.60.0.0   UART                                                              08/11/2020 00:10:48 PAGE 2   

   CONSTANT SIZE    =   ----    ----
   XDATA SIZE       =   ----    ----
   PDATA SIZE       =   ----    ----
   DATA SIZE        =     23       3
   IDATA SIZE       =   ----    ----
   BIT SIZE         =      1    ----
END OF MODULE INFORMATION.


C51 COMPILATION COMPLETE.  0 WARNING(S),  0 ERROR(S)
